<?xml version="1.0" encoding="UTF-8"?>
<!-- Generated by org.testng.reporters.JUnitReportReporter -->
<testsuite hostname="IX5CD435GCKM" failures="0" tests="1" name="testCases.TC002_LoginTest" time="4.586" errors="0" timestamp="2024-12-06T12:34:25 IST" skipped="0">
  <testcase classname="testCases.TC002_LoginTest" name="verify_Login" time="4.586"/>
</testsuite> <!-- testCases.TC002_LoginTest -->
