<?xml version="1.0" encoding="UTF-8"?>
<!-- Generated by org.testng.reporters.JUnitReportReporter -->
<testsuite hostname="IX5CD435GCKM" failures="0" tests="1" name="testCases.TC001_AccountRegisterationTest" time="3.671" errors="0" timestamp="2024-12-06T15:18:25 IST" skipped="0">
  <testcase classname="testCases.TC001_AccountRegisterationTest" name="verify_account" time="3.671"/>
</testsuite> <!-- testCases.TC001_AccountRegisterationTest -->
