<?xml version="1.0" encoding="UTF-8"?>
<!-- Generated by org.testng.reporters.JUnitReportReporter -->
<testsuite hostname="IX5CD435GCKM" failures="0" tests="4" name="testCases.TC003_LoginDDT" time="28.559" errors="0" timestamp="2024-12-06T15:18:25 IST" skipped="0">
  <testcase classname="testCases.TC003_LoginDDT" name="verify_loginDDT" time="2.966"/>
  <testcase classname="testCases.TC003_LoginDDT" name="verify_loginDDT" time="11.837"/>
  <testcase classname="testCases.TC003_LoginDDT" name="verify_loginDDT" time="11.506"/>
  <testcase classname="testCases.TC003_LoginDDT" name="verify_loginDDT" time="2.250"/>
</testsuite> <!-- testCases.TC003_LoginDDT -->
